

*******************************************************************************
Wed Jun  5 10:15:18 2019


FIT:    data read from "aufg3" using 2:1
        format = x:z
        #datapoints = 22
        residuals are weighted equally (unit weight)

function used for fitting: f(X)
	f(x)= a*ln(x-b/c)
fitted parameters initialized with current variable values



*******************************************************************************
Wed Jun  5 10:15:35 2019


FIT:    data read from "aufg3" using 2:1
        format = x:z
        #datapoints = 22
        residuals are weighted equally (unit weight)

function used for fitting: f(x)
	f(x)= a*ln(x-b/c)
fitted parameters initialized with current variable values



*******************************************************************************
Wed Jun  5 10:15:44 2019


FIT:    data read from "aufg3" using 2:1
        format = x:z
        #datapoints = 22
        residuals are weighted equally (unit weight)

function used for fitting: f(x)
	f(x)= a*log(x-b/c)
fitted parameters initialized with current variable values

iter      chisq       delta/lim  lambda   c            
   0 1.9613022748e+03   0.00e+00  1.70e+00    1.000000e+00
   7 4.9175459791e+02  -7.66e-01  1.70e-07    1.783871e+03

After 7 iterations the fit converged.
final sum of squares of residuals : 491.755
rel. change during last iteration : -7.65993e-06

degrees of freedom    (FIT_NDF)                        : 21
rms of residuals      (FIT_STDFIT) = sqrt(WSSR/ndf)    : 4.8391
variance of residuals (reduced chisquare) = WSSR/ndf   : 23.4169

Final set of parameters            Asymptotic Standard Error
=======================            ==========================
c               = 1783.87          +/- 4469         (250.5%)


*******************************************************************************
Wed Jun  5 10:16:52 2019


FIT:    data read from ""
        format = z
        #datapoints = 22
        residuals are weighted equally (unit weight)

function used for fitting: f(x)
	f(x)= a*log(x-b/c)
BREAK: Need via and either parameter list or file

*******************************************************************************
Wed Jun  5 10:18:00 2019


FIT:    data read from 'aufg3' using 2:1
        format = x:z
        #datapoints = 22
        residuals are weighted equally (unit weight)

function used for fitting: f(x)
	f(x)= a*log(x-b/c)
fitted parameters initialized with current variable values

iter      chisq       delta/lim  lambda   a             b             c            
   0 4.9175459791e+02   0.00e+00  1.55e+00    1.930000e+00  -9.320000e+00   1.783871e+03
  18 4.8469586637e+02  -6.69e-01  1.55e-01    2.545578e+00  -1.711133e+01   1.294107e+03

After 18 iterations the fit converged.
final sum of squares of residuals : 484.696
rel. change during last iteration : -6.68994e-06

degrees of freedom    (FIT_NDF)                        : 19
rms of residuals      (FIT_STDFIT) = sqrt(WSSR/ndf)    : 5.05077
variance of residuals (reduced chisquare) = WSSR/ndf   : 25.5103

Final set of parameters            Asymptotic Standard Error
=======================            ==========================
a               = 2.54558          +/- 1.752        (68.83%)
b               = -17.1113         +/- 3.442e+05    (2.012e+06%)
c               = 1294.11          +/- 2.603e+07    (2.011e+06%)

correlation matrix of the fit parameters:
                a      b      c      
a               1.000 
b              -0.471  1.000 
c               0.470 -1.000  1.000 


*******************************************************************************
Wed Jun  5 10:18:39 2019


FIT:    data read from 'aufg3' using 2:1
        format = x:z
        #datapoints = 22
        residuals are weighted equally (unit weight)

function used for fitting: f(x)
	f(x)= a*log(x-b/c)
fitted parameters initialized with current variable values

iter      chisq       delta/lim  lambda   a             b             c            
   0 3.2419428917e+03   0.00e+00  4.70e+00    2.545578e+00  -1.711133e+01   1.000000e+00
  20 3.0708505196e+02  -3.59e-01  4.70e+00   -6.586254e-01  -3.494444e+01   6.288498e-02

After 20 iterations the fit converged.
final sum of squares of residuals : 307.085
rel. change during last iteration : -3.58754e-06

degrees of freedom    (FIT_NDF)                        : 19
rms of residuals      (FIT_STDFIT) = sqrt(WSSR/ndf)    : 4.02025
variance of residuals (reduced chisquare) = WSSR/ndf   : 16.1624

Final set of parameters            Asymptotic Standard Error
=======================            ==========================
a               = -0.658625        +/- 1.19e+05     (1.806e+07%)
b               = -34.9444         +/- 4.646e+10    (1.33e+11%)
c               = 0.062885         +/- 8.354e+07    (1.329e+11%)

correlation matrix of the fit parameters:
                a      b      c      
a               1.000 
b              -1.000  1.000 
c               1.000 -1.000  1.000 


*******************************************************************************
Wed Jun  5 10:19:24 2019


FIT:    data read from 'aufg3' using 2:1
        format = x:z
        #datapoints = 22
        residuals are weighted equally (unit weight)

function used for fitting: f(x)
	f(x)= a*log(x-b/c)
fitted parameters initialized with current variable values

iter      chisq       delta/lim  lambda   a             b             c            
   0 1.1840103336e+03   0.00e+00  1.42e+00    9.000000e-01  -9.000000e+00   9.000000e-01
  28 1.1314471705e+01  -8.90e-02  1.42e-01   -9.480809e+00   1.635885e+01   5.447572e+00

After 28 iterations the fit converged.
final sum of squares of residuals : 11.3145
rel. change during last iteration : -8.89699e-07

degrees of freedom    (FIT_NDF)                        : 19
rms of residuals      (FIT_STDFIT) = sqrt(WSSR/ndf)    : 0.771685
variance of residuals (reduced chisquare) = WSSR/ndf   : 0.595499

Final set of parameters            Asymptotic Standard Error
=======================            ==========================
a               = -9.48081         +/- 1.022        (10.78%)
b               = 16.3588          +/- 823.2        (5032%)
c               = 5.44757          +/- 273.7        (5023%)

correlation matrix of the fit parameters:
                a      b      c      
a               1.000 
b               0.949  1.000 
c               0.949  1.000  1.000 


*******************************************************************************
Wed Jun  5 10:20:37 2019


FIT:    data read from "aufg3" using 2:1
        format = x:z
        x range restricted to [10.6000 : 12.6000]
BREAK: No data to fit

*******************************************************************************
Wed Jun  5 10:22:54 2019


FIT:    data read from "aufg3" using 2:1
        format = x:z
        x range restricted to [0.200000 : 2.20000]
        #datapoints = 20
        residuals are weighted equally (unit weight)

function used for fitting: f(x)
	f(x)=a*exp(b*x)-9.32
fitted parameters initialized with current variable values

iter      chisq       delta/lim  lambda   a             b            
   0 5.1334836929e+01   0.00e+00  7.96e+00    1.000000e+00   1.000000e+00
  18 2.6819469646e-01  -1.15e-01  7.96e-04    2.395149e-01   1.888087e+00

After 18 iterations the fit converged.
final sum of squares of residuals : 0.268195
rel. change during last iteration : -1.14582e-06

degrees of freedom    (FIT_NDF)                        : 18
rms of residuals      (FIT_STDFIT) = sqrt(WSSR/ndf)    : 0.122064
variance of residuals (reduced chisquare) = WSSR/ndf   : 0.0148997

Final set of parameters            Asymptotic Standard Error
=======================            ==========================
a               = 0.239515         +/- 0.01459      (6.093%)
b               = 1.88809          +/- 0.03238      (1.715%)

correlation matrix of the fit parameters:
                a      b      
a               1.000 
b              -0.998  1.000 


*******************************************************************************
Wed Jun  5 10:24:48 2019


FIT:    data read from "aufg3" using 2:1
        format = x:z
        x range restricted to [0.00000 : 2.00000]
        #datapoints = 22
        residuals are weighted equally (unit weight)

function used for fitting: f(x)
	f(x)=a*exp(b*x)-c
fitted parameters initialized with current variable values

iter      chisq       delta/lim  lambda   a             b            
   0 2.1315304921e+01   0.00e+00  1.66e+01    2.395149e-01   1.888087e+00
  42 1.3937150782e+00  -5.50e-03  1.66e-05    6.575879e-01   1.411919e+00

After 42 iterations the fit converged.
final sum of squares of residuals : 1.39372
rel. change during last iteration : -5.5018e-08

degrees of freedom    (FIT_NDF)                        : 20
rms of residuals      (FIT_STDFIT) = sqrt(WSSR/ndf)    : 0.263981
variance of residuals (reduced chisquare) = WSSR/ndf   : 0.0696858

Final set of parameters            Asymptotic Standard Error
=======================            ==========================
a               = 0.657588         +/- 0.05168      (7.86%)
b               = 1.41192          +/- 0.0422       (2.989%)

correlation matrix of the fit parameters:
                a      b      
a               1.000 
b              -0.995  1.000 


*******************************************************************************
Wed Jun  5 10:27:07 2019


FIT:    data read from "aufg3" using 2:1
        format = x:z
        x range restricted to [-0.100000 : 2.00000]
        #datapoints = 22
        residuals are weighted equally (unit weight)

function used for fitting: f(x)
	f(x)=a*exp(b*x)-c
fitted parameters initialized with current variable values

iter      chisq       delta/lim  lambda   a             b             c            
   0 1.3937150782e+00   0.00e+00  1.31e+01    6.575879e-01   1.411919e+00   1.032000e+01
 133 3.0558442824e-01  -1.80e-02  1.31e-04    2.818629e-01   1.811952e+00   9.480756e+00

After 133 iterations the fit converged.
final sum of squares of residuals : 0.305584
rel. change during last iteration : -1.80366e-07

degrees of freedom    (FIT_NDF)                        : 19
rms of residuals      (FIT_STDFIT) = sqrt(WSSR/ndf)    : 0.12682
variance of residuals (reduced chisquare) = WSSR/ndf   : 0.0160834

Final set of parameters            Asymptotic Standard Error
=======================            ==========================
a               = 0.281863         +/- 0.03155      (11.19%)
b               = 1.81195          +/- 0.05492      (3.031%)
c               = 9.48076          +/- 0.08396      (0.8856%)

correlation matrix of the fit parameters:
                a      b      c      
a               1.000 
b              -0.998  1.000 
c               0.856 -0.828  1.000 


*******************************************************************************
Wed Jun  5 11:34:52 2019


FIT:    data read from "aufg8_1"
        format = z
        #datapoints = 6
        residuals are weighted equally (unit weight)

function used for fitting: f(x)
	f(x) = a*x+b
fitted parameters initialized with current variable values

iter      chisq       delta/lim  lambda   a             b            
   0 9.9069000000e+04   0.00e+00  1.38e+01    1.000000e+00   1.000000e+00
   5 2.0476190476e+01  -1.76e-07  1.38e-04    7.428571e+00   4.666667e+00

After 5 iterations the fit converged.
final sum of squares of residuals : 20.4762
rel. change during last iteration : -1.76159e-12

degrees of freedom    (FIT_NDF)                        : 4
rms of residuals      (FIT_STDFIT) = sqrt(WSSR/ndf)    : 2.26253
variance of residuals (reduced chisquare) = WSSR/ndf   : 5.11905

Final set of parameters            Asymptotic Standard Error
=======================            ==========================
a               = 7.42857          +/- 0.1082       (1.456%)
b               = 4.66667          +/- 2.106        (45.14%)

correlation matrix of the fit parameters:
                a      b      
a               1.000 
b              -0.899  1.000 


*******************************************************************************
Wed Jun  5 11:35:25 2019


FIT:    data read from "aufg8_15"
        format = z
        #datapoints = 6
        residuals are weighted equally (unit weight)

function used for fitting: g(x)
	g(x) = c*x+d
fitted parameters initialized with current variable values

iter      chisq       delta/lim  lambda   c             d            
   0 3.3679000000e+04   0.00e+00  1.38e+01    1.000000e+00   1.000000e+00
   5 4.8000000000e+00  -1.27e-06  1.38e-04    5.040000e+00  -3.200000e+00

After 5 iterations the fit converged.
final sum of squares of residuals : 4.8
rel. change during last iteration : -1.26856e-11

degrees of freedom    (FIT_NDF)                        : 4
rms of residuals      (FIT_STDFIT) = sqrt(WSSR/ndf)    : 1.09545
variance of residuals (reduced chisquare) = WSSR/ndf   : 1.2

Final set of parameters            Asymptotic Standard Error
=======================            ==========================
c               = 5.04             +/- 0.05237      (1.039%)
d               = -3.2             +/- 1.02         (31.87%)

correlation matrix of the fit parameters:
                c      d      
c               1.000 
d              -0.899  1.000 


*******************************************************************************
Wed Jun  5 11:35:40 2019


FIT:    data read from "aufg8_20"
        format = z
        #datapoints = 6
        residuals are weighted equally (unit weight)

function used for fitting: h(x)
	h(x) = e*x+f
fitted parameters initialized with current variable values

iter      chisq       delta/lim  lambda   e             f            
   0 1.7898000000e+04   0.00e+00  1.38e+01    1.000000e+00   1.000000e+00
   5 3.9047619048e+00  -1.18e-07  1.38e-04    3.742857e+00   2.333333e+00

After 5 iterations the fit converged.
final sum of squares of residuals : 3.90476
rel. change during last iteration : -1.17779e-12

degrees of freedom    (FIT_NDF)                        : 4
rms of residuals      (FIT_STDFIT) = sqrt(WSSR/ndf)    : 0.988024
variance of residuals (reduced chisquare) = WSSR/ndf   : 0.97619

Final set of parameters            Asymptotic Standard Error
=======================            ==========================
e               = 3.74286          +/- 0.04724      (1.262%)
f               = 2.33333          +/- 0.9198       (39.42%)

correlation matrix of the fit parameters:
                e      f      
e               1.000 
f              -0.899  1.000 


*******************************************************************************
Wed Jun  5 11:37:40 2019


FIT:    data read from "aufg8_1"
        format = z
        #datapoints = 6
        residuals are weighted equally (unit weight)

function used for fitting: f(x)
	f(x) = a*x
fitted parameters initialized with current variable values

iter      chisq       delta/lim  lambda   a            
   0 1.5114285714e+02   0.00e+00  1.45e+02    7.428571e+00
   3 4.5604395604e+01  -1.31e-02  1.45e-01    7.643956e+00

After 3 iterations the fit converged.
final sum of squares of residuals : 45.6044
rel. change during last iteration : -1.30755e-07

degrees of freedom    (FIT_NDF)                        : 5
rms of residuals      (FIT_STDFIT) = sqrt(WSSR/ndf)    : 3.02008
variance of residuals (reduced chisquare) = WSSR/ndf   : 9.12088

Final set of parameters            Asymptotic Standard Error
=======================            ==========================
a               = 7.64396          +/- 0.06332      (0.8283%)


*******************************************************************************
Wed Jun  5 11:37:48 2019


FIT:    data read from "aufg8_15"
        format = z
        #datapoints = 6
        residuals are weighted equally (unit weight)

function used for fitting: g(x)
	g(x) = b*x
fitted parameters initialized with current variable values

iter      chisq       delta/lim  lambda   b            
   0 1.3244444445e+02   0.00e+00  9.09e+01    4.666667e+00
   3 1.6615384615e+01  -3.94e-02  9.09e-02    4.892308e+00

After 3 iterations the fit converged.
final sum of squares of residuals : 16.6154
rel. change during last iteration : -3.93878e-07

degrees of freedom    (FIT_NDF)                        : 5
rms of residuals      (FIT_STDFIT) = sqrt(WSSR/ndf)    : 1.82293
variance of residuals (reduced chisquare) = WSSR/ndf   : 3.32308

Final set of parameters            Asymptotic Standard Error
=======================            ==========================
b               = 4.89231          +/- 0.03822      (0.7812%)


*******************************************************************************
Wed Jun  5 11:37:54 2019


FIT:    data read from "aufg8_20"
        format = z
        #datapoints = 6
        residuals are weighted equally (unit weight)

function used for fitting: h(x)
	h(x) = c*x
fitted parameters initialized with current variable values

iter      chisq       delta/lim  lambda   c            
   0 3.2288400000e+03   0.00e+00  9.81e+01    5.040000e+00
   4 1.0186813187e+01  -4.53e-10  9.81e-03    3.850549e+00

After 4 iterations the fit converged.
final sum of squares of residuals : 10.1868
rel. change during last iteration : -4.53383e-15

degrees of freedom    (FIT_NDF)                        : 5
rms of residuals      (FIT_STDFIT) = sqrt(WSSR/ndf)    : 1.42736
variance of residuals (reduced chisquare) = WSSR/ndf   : 2.03736

Final set of parameters            Asymptotic Standard Error
=======================            ==========================
c               = 3.85055          +/- 0.02993      (0.7772%)


*******************************************************************************
Wed Jun  5 12:20:21 2019


FIT:    data read from "aufg3" using 1:($2*$1)
        format = x:z
        #datapoints = 22
        residuals are weighted equally (unit weight)

function used for fitting: f(x)
	f(x) = a*x**3+b*x**2+c*x+d
fitted parameters initialized with current variable values

iter      chisq       delta/lim  lambda   a             b             c             d            
   0 2.9351398557e+06   0.00e+00  2.06e+02    1.000000e+00   1.000000e+00   1.000000e+00   1.000000e+00
   6 3.8742875302e+00  -3.95e-07  2.06e-04   -5.040647e-02  -3.708713e-01   1.016723e+00  -2.116796e-01

After 6 iterations the fit converged.
final sum of squares of residuals : 3.87429
rel. change during last iteration : -3.94722e-12

degrees of freedom    (FIT_NDF)                        : 18
rms of residuals      (FIT_STDFIT) = sqrt(WSSR/ndf)    : 0.463938
variance of residuals (reduced chisquare) = WSSR/ndf   : 0.215238

Final set of parameters            Asymptotic Standard Error
=======================            ==========================
a               = -0.0504065       +/- 0.005938     (11.78%)
b               = -0.370871        +/- 0.08204      (22.12%)
c               = 1.01672          +/- 0.2906       (28.58%)
d               = -0.21168         +/- 0.1959       (92.53%)

correlation matrix of the fit parameters:
                a      b      c      d      
a               1.000 
b               0.986  1.000 
c               0.898  0.957  1.000 
d               0.449  0.522  0.659  1.000 


*******************************************************************************
Wed Jun  5 12:21:21 2019


FIT:    data read from "aufg3" using 1:($2*$1)
        format = x:z
        #datapoints = 22
        residuals are weighted equally (unit weight)

function used for fitting: f(x)
	f(x) = f*x**5+e*x**4+a*x**3+b*x**2+c*x+d
fitted parameters initialized with current variable values

iter      chisq       delta/lim  lambda   a             b             c             d             e             f            
   0 1.8235203753e+10   0.00e+00  1.33e+04   -5.040647e-02  -3.708713e-01   1.016723e+00  -2.116796e-01   1.000000e+00   1.000000e+00
   9 3.3324515985e-01  -9.99e-08  1.33e-05   -2.330535e-01  -5.406649e-01   1.449834e+00  -4.694333e-02  -3.479940e-02  -1.906320e-03

After 9 iterations the fit converged.
final sum of squares of residuals : 0.333245
rel. change during last iteration : -9.98965e-13

degrees of freedom    (FIT_NDF)                        : 16
rms of residuals      (FIT_STDFIT) = sqrt(WSSR/ndf)    : 0.144318
variance of residuals (reduced chisquare) = WSSR/ndf   : 0.0208278

Final set of parameters            Asymptotic Standard Error
=======================            ==========================
a               = -0.233053        +/- 0.06289      (26.99%)
b               = -0.540665        +/- 0.2106       (38.94%)
c               = 1.44983          +/- 0.2566       (17.7%)
d               = -0.0469433       +/- 0.07061      (150.4%)
e               = -0.0347994       +/- 0.00774      (22.24%)
f               = -0.00190632      +/- 0.0003346    (17.55%)

correlation matrix of the fit parameters:
                a      b      c      d      e      f      
a               1.000 
b               0.983  1.000 
c               0.884  0.951  1.000 
d               0.432  0.512  0.662  1.000 
e               0.991  0.951  0.825  0.382  1.000 
f               0.974  0.918  0.777  0.347  0.995  1.000 


*******************************************************************************
Wed Jun  5 12:49:08 2019


FIT:    data read from "aufg4" u 3:($1*$2)
        format = x:z
        #datapoints = 7
        residuals are weighted equally (unit weight)

function used for fitting: f(x)
	f(x) = a*x**2
fitted parameters initialized with current variable values

iter      chisq       delta/lim  lambda   a            
   0 7.3895315593e-01   0.00e+00  1.17e-01   -2.330535e-01
   4 3.7021739775e-04  -1.26e-09  1.17e-05    4.163592e-01

After 4 iterations the fit converged.
final sum of squares of residuals : 0.000370217
rel. change during last iteration : -1.25928e-14

degrees of freedom    (FIT_NDF)                        : 6
rms of residuals      (FIT_STDFIT) = sqrt(WSSR/ndf)    : 0.00785512
variance of residuals (reduced chisquare) = WSSR/ndf   : 6.17029e-05

Final set of parameters            Asymptotic Standard Error
=======================            ==========================
a               = 0.416359         +/- 0.005936     (1.426%)


*******************************************************************************
Wed Jun  5 12:52:57 2019


FIT:    data read from "aufg7" u 2:1
        format = x:z
        x range restricted to [-1.05000 : 2.45000]
        #datapoints = 20
        residuals are weighted equally (unit weight)

function used for fitting: f(x)
	f(x) = a*exp(x)+b
fitted parameters initialized with current variable values

iter      chisq       delta/lim  lambda   a             b            
   0 1.2017176644e+01   0.00e+00  1.29e+00    4.163592e-01  -5.406649e-01
   4 9.6140354367e+00  -9.82e-08  1.29e-04    4.717904e-01  -1.092719e+00

After 4 iterations the fit converged.
final sum of squares of residuals : 9.61404
rel. change during last iteration : -9.82406e-13

degrees of freedom    (FIT_NDF)                        : 18
rms of residuals      (FIT_STDFIT) = sqrt(WSSR/ndf)    : 0.73083
variance of residuals (reduced chisquare) = WSSR/ndf   : 0.534113

Final set of parameters            Asymptotic Standard Error
=======================            ==========================
a               = 0.47179          +/- 0.1055       (22.37%)
b               = -1.09272         +/- 0.4429       (40.54%)

correlation matrix of the fit parameters:
                a      b      
a               1.000 
b              -0.929  1.000 


*******************************************************************************
Wed Jun  5 12:53:27 2019


FIT:    data read from "aufg7" u 2:1
        format = x:z
        x range restricted to [-1.05000 : 2.45000]
        #datapoints = 20
        residuals are weighted equally (unit weight)

function used for fitting: f(x)
	f(x) = a*exp((x-b)*c)
fitted parameters initialized with current variable values

iter      chisq       delta/lim  lambda   a             b            
   0 6.9063642729e+03   0.00e+00  2.60e+01    4.717904e-01  -1.092719e+00
   6 1.0720922735e+01  -2.41e-05  2.60e-05    1.020987e-01  -1.090942e-01

After 6 iterations the fit converged.
final sum of squares of residuals : 10.7209
rel. change during last iteration : -2.41252e-10

degrees of freedom    (FIT_NDF)                        : 18
rms of residuals      (FIT_STDFIT) = sqrt(WSSR/ndf)    : 0.771756
variance of residuals (reduced chisquare) = WSSR/ndf   : 0.595607

Final set of parameters            Asymptotic Standard Error
=======================            ==========================
a               = 0.102099         +/- 1.299e+10    (1.272e+13%)
b               = -0.109094        +/- 8.772e+10    (8.04e+13%)

correlation matrix of the fit parameters:
                a      b      
a               1.000 
b               1.000  1.000 


*******************************************************************************
Wed Jun  5 12:53:32 2019


FIT:    data read from "aufg7" u 2:1
        format = x:z
        x range restricted to [-1.05000 : 2.45000]
        #datapoints = 20
        residuals are weighted equally (unit weight)

function used for fitting: f(x)
	f(x) = a*exp((x-b)*c)
fitted parameters initialized with current variable values

iter      chisq       delta/lim  lambda   a             b             c            
   0 1.0720922735e+01   0.00e+00  1.58e+00    1.020987e-01  -1.090942e-01   1.449834e+00
 881 5.6132530684e-01  -1.46e-02  1.58e-04    5.084442e-06  -9.773398e-02   7.147179e+00

After 881 iterations the fit converged.
final sum of squares of residuals : 0.561325
rel. change during last iteration : -1.4592e-07

degrees of freedom    (FIT_NDF)                        : 17
rms of residuals      (FIT_STDFIT) = sqrt(WSSR/ndf)    : 0.181712
variance of residuals (reduced chisquare) = WSSR/ndf   : 0.0330191

Final set of parameters            Asymptotic Standard Error
=======================            ==========================
a               = 5.08444e-06      +/- 3.962e+05    (7.793e+12%)
b               = -0.097734        +/- 1.09e+10     (1.115e+13%)
c               = 7.14718          +/- 0.4242       (5.935%)

correlation matrix of the fit parameters:
                a      b      c      
a               1.000 
b               1.000  1.000 
c              -0.103 -0.103  1.000 


*******************************************************************************
Wed Jun  5 14:06:14 2019


FIT:    data read from "aufg10" u 2:1
        format = x:z
        #datapoints = 15
        residuals are weighted equally (unit weight)

function used for fitting: f(x)
	f(x) = a*x**5+b*x**4+c*x**3+d*x**2+e*x+f
fitted parameters initialized with current variable values

iter      chisq       delta/lim  lambda   a             b             c             d             e             f            
   0 6.3213556134e+04   0.00e+00  7.82e-01    1.000000e+00   1.000000e+00   1.000000e+00   1.000000e+00   1.000000e+00   1.000000e+00
   9 2.3671679772e+00  -4.94e-03  7.82e-10    1.102386e+05  -4.570472e+05   7.447645e+05  -5.927221e+05   2.281684e+05  -3.340227e+04

After 9 iterations the fit converged.
final sum of squares of residuals : 2.36717
rel. change during last iteration : -4.93779e-08

degrees of freedom    (FIT_NDF)                        : 9
rms of residuals      (FIT_STDFIT) = sqrt(WSSR/ndf)    : 0.512853
variance of residuals (reduced chisquare) = WSSR/ndf   : 0.263019

Final set of parameters            Asymptotic Standard Error
=======================            ==========================
a               = 110239           +/- 2.292e+04    (20.79%)
b               = -457047          +/- 9.66e+04     (21.14%)
c               = 744765           +/- 1.621e+05    (21.77%)
d               = -592722          +/- 1.354e+05    (22.85%)
e               = 228168           +/- 5.631e+04    (24.68%)
f               = -33402.3         +/- 9322         (27.91%)

correlation matrix of the fit parameters:
                a      b      c      d      e      f      
a               1.000 
b              -1.000  1.000 
c               0.999 -1.000  1.000 
d              -0.998  0.999 -1.000  1.000 
e               0.997 -0.998  0.999 -1.000  1.000 
f              -0.995  0.997 -0.998  0.999 -1.000  1.000 


*******************************************************************************
Wed Jun  5 14:07:02 2019


FIT:    data read from "aufg10" u 2:1
        format = x:z
        x range restricted to [0.650000 : 1.05000]
        #datapoints = 15
        residuals are weighted equally (unit weight)

function used for fitting: f(x)
	f(x) = a*x**5+b*x**4+c*x**3+d*x**2+e*x+f
fitted parameters initialized with current variable values

iter      chisq       delta/lim  lambda   a             b             c             d             e             f            
   0 7.2062267730e+10   0.00e+00  3.20e+05    2.000000e+02  -4.570472e+05   7.447645e+05  -5.927221e+05   2.281684e+05  -3.340227e+04
  11 2.3671679772e+00  -7.35e-01  3.20e-06    1.102386e+05  -4.570472e+05   7.447645e+05  -5.927221e+05   2.281684e+05  -3.340226e+04

After 11 iterations the fit converged.
final sum of squares of residuals : 2.36717
rel. change during last iteration : -7.35482e-06

degrees of freedom    (FIT_NDF)                        : 9
rms of residuals      (FIT_STDFIT) = sqrt(WSSR/ndf)    : 0.512853
variance of residuals (reduced chisquare) = WSSR/ndf   : 0.263019

Final set of parameters            Asymptotic Standard Error
=======================            ==========================
a               = 110239           +/- 2.292e+04    (20.79%)
b               = -457047          +/- 9.66e+04     (21.14%)
c               = 744764           +/- 1.621e+05    (21.77%)
d               = -592722          +/- 1.354e+05    (22.85%)
e               = 228168           +/- 5.631e+04    (24.68%)
f               = -33402.3         +/- 9322         (27.91%)

correlation matrix of the fit parameters:
                a      b      c      d      e      f      
a               1.000 
b              -1.000  1.000 
c               0.999 -1.000  1.000 
d              -0.998  0.999 -1.000  1.000 
e               0.997 -0.998  0.999 -1.000  1.000 
f              -0.995  0.997 -0.998  0.999 -1.000  1.000 


*******************************************************************************
Wed Jun  5 14:17:19 2019


FIT:    data read from "aufg12"
        format = z
        #datapoints = 6
        residuals are weighted equally (unit weight)

function used for fitting: f(x)
	f(x) = a*x+b
fitted parameters initialized with current variable values

iter      chisq       delta/lim  lambda   a            
   0 1.8299134730e+13   0.00e+00  2.15e+06    1.102386e+05
   3 2.4106099549e+11  -4.23e-01  2.15e+03    2.114530e+04

After 3 iterations the fit converged.
final sum of squares of residuals : 2.41061e+11
rel. change during last iteration : -4.23252e-06

degrees of freedom    (FIT_NDF)                        : 5
rms of residuals      (FIT_STDFIT) = sqrt(WSSR/ndf)    : 219573
variance of residuals (reduced chisquare) = WSSR/ndf   : 4.82122e+10

Final set of parameters            Asymptotic Standard Error
=======================            ==========================
a               = 21145.3          +/- 4603         (21.77%)


*******************************************************************************
Wed Jun  5 14:18:00 2019


FIT:    data read from "aufg12"
        format = z
        x range restricted to [0.00000 : 25.0000]
        #datapoints = 5
        residuals are weighted equally (unit weight)

function used for fitting: f(x)
	f(x) = a*x+b
fitted parameters initialized with current variable values

iter      chisq       delta/lim  lambda   a            
   0 3.2906000000e+06   0.00e+00  3.32e+01    2.000000e+00
   4 1.4636363636e+03  -9.90e-09  3.32e-03    5.090909e+01

After 4 iterations the fit converged.
final sum of squares of residuals : 1463.64
rel. change during last iteration : -9.8957e-14

degrees of freedom    (FIT_NDF)                        : 4
rms of residuals      (FIT_STDFIT) = sqrt(WSSR/ndf)    : 19.1288
variance of residuals (reduced chisquare) = WSSR/ndf   : 365.909

Final set of parameters            Asymptotic Standard Error
=======================            ==========================
a               = 50.9091          +/- 0.5159       (1.013%)


*******************************************************************************
Wed Jun  5 14:19:46 2019


FIT:    data read from "aufg12" u 2:1
        format = x:z
        #datapoints = 6
        residuals are weighted equally (unit weight)

function used for fitting: f(x)
	f(x) = a*x
fitted parameters initialized with current variable values

iter      chisq       delta/lim  lambda   a            
   0 5.6465750000e+06   0.00e+00  9.90e+02    1.000000e+00
   4 5.7909965109e-01  -1.53e-05  9.90e-02    1.967492e-02

After 4 iterations the fit converged.
final sum of squares of residuals : 0.5791
rel. change during last iteration : -1.53029e-10

degrees of freedom    (FIT_NDF)                        : 5
rms of residuals      (FIT_STDFIT) = sqrt(WSSR/ndf)    : 0.340323
variance of residuals (reduced chisquare) = WSSR/ndf   : 0.11582

Final set of parameters            Asymptotic Standard Error
=======================            ==========================
a               = 0.0196749        +/- 0.0001404    (0.7136%)


*******************************************************************************
Wed Jun  5 14:29:08 2019


FIT:    data read from "aufg10" u 2:1
        format = x:z
        x range restricted to [-162.000 : 5.00000]
        #datapoints = 15
        residuals are weighted equally (unit weight)

function used for fitting: f(x)
	f(x) = a*x**5+b*x**4+c*x**3+d*x**2+e*x+f
fitted parameters initialized with current variable values

iter      chisq       delta/lim  lambda   a             b             c             d             e             f            
   0 7.0291302835e+04   0.00e+00  7.39e-01    1.967492e-02   1.000000e+00   1.000000e+00   1.000000e+00   1.000000e+00   1.000000e+00
  10 2.3671679772e+00  -1.85e-05  7.39e-11   -1.102386e+05   4.570472e+05  -7.447646e+05   5.927222e+05  -2.281684e+05   3.340227e+04

After 10 iterations the fit converged.
final sum of squares of residuals : 2.36717
rel. change during last iteration : -1.85299e-10

degrees of freedom    (FIT_NDF)                        : 9
rms of residuals      (FIT_STDFIT) = sqrt(WSSR/ndf)    : 0.512853
variance of residuals (reduced chisquare) = WSSR/ndf   : 0.263019

Final set of parameters            Asymptotic Standard Error
=======================            ==========================
a               = -110239          +/- 2.292e+04    (20.79%)
b               = 457047           +/- 9.66e+04     (21.14%)
c               = -744765          +/- 1.621e+05    (21.77%)
d               = 592722           +/- 1.354e+05    (22.85%)
e               = -228168          +/- 5.631e+04    (24.68%)
f               = 33402.3          +/- 9322         (27.91%)

correlation matrix of the fit parameters:
                a      b      c      d      e      f      
a               1.000 
b              -1.000  1.000 
c               0.999 -1.000  1.000 
d              -0.998  0.999 -1.000  1.000 
e               0.997 -0.998  0.999 -1.000  1.000 
f              -0.995  0.997 -0.998  0.999 -1.000  1.000 


*******************************************************************************
Wed Jun  5 14:47:32 2019


FIT:    data read from "aufg8_1" u 2:1
        format = x:z
        #datapoints = 6
        residuals are weighted equally (unit weight)

function used for fitting: f(x)
	f(x) =m*x
fitted parameters initialized with current variable values

iter      chisq       delta/lim  lambda   m            
   0 1.0046900000e+05   0.00e+00  1.49e+02    1.000000e+00
   4 7.8022771369e-01  -2.02e-07  1.49e-02    1.307774e-01

After 4 iterations the fit converged.
final sum of squares of residuals : 0.780228
rel. change during last iteration : -2.02115e-12

degrees of freedom    (FIT_NDF)                        : 5
rms of residuals      (FIT_STDFIT) = sqrt(WSSR/ndf)    : 0.395026
variance of residuals (reduced chisquare) = WSSR/ndf   : 0.156046

Final set of parameters            Asymptotic Standard Error
=======================            ==========================
m               = 0.130777         +/- 0.001083     (0.8283%)


*******************************************************************************
Wed Jun  5 14:48:01 2019


FIT:    data read from "aufg8_15" u 2:1
        format = x:z
        #datapoints = 6
        residuals are weighted equally (unit weight)

function used for fitting: f(x)
	f(x) =m*x
fitted parameters initialized with current variable values

iter      chisq       delta/lim  lambda   m            
   0 2.9544612147e+02   0.00e+00  1.25e+01    1.307774e-01
   4 6.9398545935e-01  -9.12e-10  1.25e-03    2.043402e-01

After 4 iterations the fit converged.
final sum of squares of residuals : 0.693985
rel. change during last iteration : -9.11874e-15

degrees of freedom    (FIT_NDF)                        : 5
rms of residuals      (FIT_STDFIT) = sqrt(WSSR/ndf)    : 0.372555
variance of residuals (reduced chisquare) = WSSR/ndf   : 0.138797

Final set of parameters            Asymptotic Standard Error
=======================            ==========================
m               = 0.20434          +/- 0.001596     (0.7812%)


*******************************************************************************
Wed Jun  5 14:48:15 2019


FIT:    data read from "aufg8_20" u 2:1
        format = x:z
        #datapoints = 6
        residuals are weighted equally (unit weight)

function used for fitting: f(x)
	f(x) =m*x
fitted parameters initialized with current variable values

iter      chisq       delta/lim  lambda   m            
   0 1.0381249975e+02   0.00e+00  1.53e+01    2.043402e-01
   3 6.8684982662e-01  -8.48e-01  1.53e-02    2.596248e-01

After 3 iterations the fit converged.
final sum of squares of residuals : 0.68685
rel. change during last iteration : -8.4832e-06

degrees of freedom    (FIT_NDF)                        : 5
rms of residuals      (FIT_STDFIT) = sqrt(WSSR/ndf)    : 0.370635
variance of residuals (reduced chisquare) = WSSR/ndf   : 0.13737

Final set of parameters            Asymptotic Standard Error
=======================            ==========================
m               = 0.259625         +/- 0.002018     (0.7772%)


*******************************************************************************
Thu Jun 20 10:39:00 2019


FIT:    data read from "aufg3" u ($1):($2*$1)
        format = x:z
        #datapoints = 22
        residuals are weighted equally (unit weight)

function used for fitting: f(x)
	f(x) = a*ln((x-b)/c)*x
fitted parameters initialized with current variable values



*******************************************************************************
Thu Jun 20 10:40:47 2019


FIT:    data read from "aufg3" u ($1):($2*$1)
        format = x:z
        #datapoints = 22
        residuals are weighted equally (unit weight)

function used for fitting: f(x)
	f(x) = a*log((x-b)/c)*x
fitted parameters initialized with current variable values

iter      chisq       delta/lim  lambda   a             b             c            
   0 7.0885184403e+03   0.00e+00  1.21e+01    5.500000e-01   2.800000e-04  -9.480000e-03
 737 1.6178785091e+02  -1.46e-02  1.21e+03    7.322971e-03   2.801077e-04   8.499528e-33

After 737 iterations the fit converged.
final sum of squares of residuals : 161.788
rel. change during last iteration : -1.46441e-07

degrees of freedom    (FIT_NDF)                        : 19
rms of residuals      (FIT_STDFIT) = sqrt(WSSR/ndf)    : 2.91807
variance of residuals (reduced chisquare) = WSSR/ndf   : 8.51515

Final set of parameters            Asymptotic Standard Error
=======================            ==========================
a               = 0.00732297       +/- 0.5614       (7666%)
b               = 0.000280108      +/- 191.3        (6.828e+07%)
c               = 8.49953e-33      +/- 5.024e-31    (0%)

correlation matrix of the fit parameters:
                a      b      c      
a               1.000 
b               0.709  1.000 
c               1.000  0.711  1.000 


*******************************************************************************
Thu Jun 20 10:46:07 2019


FIT:    data read from "aufg3" u ($1):($2*$1)
        format = x:z
        x range restricted to [-10.0000 : 0.00000]
        #datapoints = 22
        residuals are weighted equally (unit weight)

function used for fitting: f(x)
	f(x) = a*log((x-b)/c)*x
fitted parameters initialized with current variable values

iter      chisq       delta/lim  lambda   a             b             c            
   0 2.4187877566e+02   0.00e+00  3.93e+02    5.500000e-01  -9.200000e+00   2.200000e-01
   5 1.9618285038e+01   0.00e+00  3.93e+08    3.108533e-01  -9.170531e+00   5.828367e-02

After 5 iterations the fit converged.
final sum of squares of residuals : 19.6183
rel. change during last iteration : 0

degrees of freedom    (FIT_NDF)                        : 19
rms of residuals      (FIT_STDFIT) = sqrt(WSSR/ndf)    : 1.01614
variance of residuals (reduced chisquare) = WSSR/ndf   : 1.03254

Final set of parameters            Asymptotic Standard Error
=======================            ==========================
a               = 0.310853         +/- 0.02745      (8.831%)
b               = -9.17053         +/- 0.01329      (0.1449%)
c               = 0.0582837        +/- 0.01187      (20.37%)

correlation matrix of the fit parameters:
                a      b      c      
a               1.000 
b               0.245  1.000 
c               0.789  0.239  1.000 


*******************************************************************************
Thu Jun 20 10:52:16 2019


FIT:    data read from "aufg3" u ($1):($2*$1)
        format = x:z
        #datapoints = 22
        residuals are weighted equally (unit weight)

function used for fitting: f(x)
	f(x) = a*log((x-b)/c)*x
fitted parameters initialized with current variable values

iter      chisq       delta/lim  lambda   a             b             c            
   0 1.9618285038e+01   0.00e+00  8.93e+01    3.108533e-01  -9.170531e+00   5.828367e-02
   1 1.9618285038e+01   0.00e+00  8.93e+07    3.108533e-01  -9.170531e+00   5.828367e-02

After 1 iterations the fit converged.
final sum of squares of residuals : 19.6183
rel. change during last iteration : 0

degrees of freedom    (FIT_NDF)                        : 19
rms of residuals      (FIT_STDFIT) = sqrt(WSSR/ndf)    : 1.01614
variance of residuals (reduced chisquare) = WSSR/ndf   : 1.03254

Final set of parameters            Asymptotic Standard Error
=======================            ==========================
a               = 0.310853         +/- 0.02745      (8.831%)
b               = -9.17053         +/- 0.01329      (0.1449%)
c               = 0.0582837        +/- 0.01187      (20.37%)

correlation matrix of the fit parameters:
                a      b      c      
a               1.000 
b               0.245  1.000 
c               0.789  0.239  1.000 


*******************************************************************************
Wed Jul  3 22:20:57 2019


FIT:    data read from "aufg8_1"
        format = z
        #datapoints = 6
        residuals are weighted equally (unit weight)

function used for fitting: f(x)
	f(x) = a*x
fitted parameters initialized with current variable values

iter      chisq       delta/lim  lambda   a            
   0 1.0046900000e+05   0.00e+00  1.95e+01    1.000000e+00
   4 4.5604395604e+01  -3.47e-09  1.95e-03    7.643956e+00

After 4 iterations the fit converged.
final sum of squares of residuals : 45.6044
rel. change during last iteration : -3.47447e-14

degrees of freedom    (FIT_NDF)                        : 5
rms of residuals      (FIT_STDFIT) = sqrt(WSSR/ndf)    : 3.02008
variance of residuals (reduced chisquare) = WSSR/ndf   : 9.12088

Final set of parameters            Asymptotic Standard Error
=======================            ==========================
a               = 7.64396          +/- 0.06332      (0.8283%)


*******************************************************************************
Wed Jul  3 22:20:57 2019


FIT:    data read from "aufg8_15"
        format = z
        #datapoints = 6
        residuals are weighted equally (unit weight)

function used for fitting: g(x)
	g(x) = b*x
fitted parameters initialized with current variable values



*******************************************************************************
Wed Jul  3 22:21:21 2019


FIT:    data read from "aufg8_1"
        format = z
        #datapoints = 6
        residuals are weighted equally (unit weight)

function used for fitting: f(x)
	f(x) = a*x
fitted parameters initialized with current variable values

iter      chisq       delta/lim  lambda   a            
   0 1.0046900000e+05   0.00e+00  1.95e+01    1.000000e+00
   4 4.5604395604e+01  -3.47e-09  1.95e-03    7.643956e+00

After 4 iterations the fit converged.
final sum of squares of residuals : 45.6044
rel. change during last iteration : -3.47447e-14

degrees of freedom    (FIT_NDF)                        : 5
rms of residuals      (FIT_STDFIT) = sqrt(WSSR/ndf)    : 3.02008
variance of residuals (reduced chisquare) = WSSR/ndf   : 9.12088

Final set of parameters            Asymptotic Standard Error
=======================            ==========================
a               = 7.64396          +/- 0.06332      (0.8283%)


*******************************************************************************
Wed Jul  3 22:21:21 2019


FIT:    data read from "aufg8_15"
        format = z
        #datapoints = 6
        residuals are weighted equally (unit weight)

function used for fitting: g(x)
	g(x) = b*x
fitted parameters initialized with current variable values

iter      chisq       delta/lim  lambda   b            
   0 3.4483000000e+04   0.00e+00  1.95e+01    1.000000e+00
   4 1.6615384615e+01  -2.97e-09  1.95e-03    4.892308e+00

After 4 iterations the fit converged.
final sum of squares of residuals : 16.6154
rel. change during last iteration : -2.97211e-14

degrees of freedom    (FIT_NDF)                        : 5
rms of residuals      (FIT_STDFIT) = sqrt(WSSR/ndf)    : 1.82293
variance of residuals (reduced chisquare) = WSSR/ndf   : 3.32308

Final set of parameters            Asymptotic Standard Error
=======================            ==========================
b               = 4.89231          +/- 0.03822      (0.7812%)


*******************************************************************************
Wed Jul  3 22:21:21 2019


FIT:    data read from "aufg8_20"
        format = z
        #datapoints = 6
        residuals are weighted equally (unit weight)

function used for fitting: h(x)
	h(x) = c*x
fitted parameters initialized with current variable values

iter      chisq       delta/lim  lambda   c            
   0 1.8496000000e+04   0.00e+00  1.95e+01    1.000000e+00
   4 1.0186813187e+01  -2.91e-09  1.95e-03    3.850549e+00

After 4 iterations the fit converged.
final sum of squares of residuals : 10.1868
rel. change during last iteration : -2.91211e-14

degrees of freedom    (FIT_NDF)                        : 5
rms of residuals      (FIT_STDFIT) = sqrt(WSSR/ndf)    : 1.42736
variance of residuals (reduced chisquare) = WSSR/ndf   : 2.03736

Final set of parameters            Asymptotic Standard Error
=======================            ==========================
c               = 3.85055          +/- 0.02993      (0.7772%)


*******************************************************************************
Wed Jul  3 22:22:22 2019


FIT:    data read from "aufg8_1"
        format = z
        #datapoints = 6
        residuals are weighted equally (unit weight)

function used for fitting: f(x)
	f(x) = a*x
fitted parameters initialized with current variable values

iter      chisq       delta/lim  lambda   a            
   0 1.0046900000e+05   0.00e+00  1.95e+01    1.000000e+00
   4 4.5604395604e+01  -3.47e-09  1.95e-03    7.643956e+00

After 4 iterations the fit converged.
final sum of squares of residuals : 45.6044
rel. change during last iteration : -3.47447e-14

degrees of freedom    (FIT_NDF)                        : 5
rms of residuals      (FIT_STDFIT) = sqrt(WSSR/ndf)    : 3.02008
variance of residuals (reduced chisquare) = WSSR/ndf   : 9.12088

Final set of parameters            Asymptotic Standard Error
=======================            ==========================
a               = 7.64396          +/- 0.06332      (0.8283%)


*******************************************************************************
Wed Jul  3 22:22:22 2019


FIT:    data read from "aufg8_15"
        format = z
        #datapoints = 6
        residuals are weighted equally (unit weight)

function used for fitting: g(x)
	g(x) = b*x
fitted parameters initialized with current variable values

iter      chisq       delta/lim  lambda   b            
   0 3.4483000000e+04   0.00e+00  1.95e+01    1.000000e+00
   4 1.6615384615e+01  -2.97e-09  1.95e-03    4.892308e+00

After 4 iterations the fit converged.
final sum of squares of residuals : 16.6154
rel. change during last iteration : -2.97211e-14

degrees of freedom    (FIT_NDF)                        : 5
rms of residuals      (FIT_STDFIT) = sqrt(WSSR/ndf)    : 1.82293
variance of residuals (reduced chisquare) = WSSR/ndf   : 3.32308

Final set of parameters            Asymptotic Standard Error
=======================            ==========================
b               = 4.89231          +/- 0.03822      (0.7812%)


*******************************************************************************
Wed Jul  3 22:22:22 2019


FIT:    data read from "aufg8_20"
        format = z
        #datapoints = 6
        residuals are weighted equally (unit weight)

function used for fitting: h(x)
	h(x) = c*x
fitted parameters initialized with current variable values

iter      chisq       delta/lim  lambda   c            
   0 1.8496000000e+04   0.00e+00  1.95e+01    1.000000e+00
   4 1.0186813187e+01  -2.91e-09  1.95e-03    3.850549e+00

After 4 iterations the fit converged.
final sum of squares of residuals : 10.1868
rel. change during last iteration : -2.91211e-14

degrees of freedom    (FIT_NDF)                        : 5
rms of residuals      (FIT_STDFIT) = sqrt(WSSR/ndf)    : 1.42736
variance of residuals (reduced chisquare) = WSSR/ndf   : 2.03736

Final set of parameters            Asymptotic Standard Error
=======================            ==========================
c               = 3.85055          +/- 0.02993      (0.7772%)


*******************************************************************************
Wed Jul  3 22:23:42 2019


FIT:    data read from "aufg8_1"
        format = z
        #datapoints = 6
        residuals are weighted equally (unit weight)

function used for fitting: f(x)
	f(x) = a*x
fitted parameters initialized with current variable values

iter      chisq       delta/lim  lambda   a            
   0 1.0046900000e+05   0.00e+00  1.95e+01    1.000000e+00
   4 4.5604395604e+01  -3.47e-09  1.95e-03    7.643956e+00

After 4 iterations the fit converged.
final sum of squares of residuals : 45.6044
rel. change during last iteration : -3.47447e-14

degrees of freedom    (FIT_NDF)                        : 5
rms of residuals      (FIT_STDFIT) = sqrt(WSSR/ndf)    : 3.02008
variance of residuals (reduced chisquare) = WSSR/ndf   : 9.12088

Final set of parameters            Asymptotic Standard Error
=======================            ==========================
a               = 7.64396          +/- 0.06332      (0.8283%)


*******************************************************************************
Wed Jul  3 22:23:42 2019


FIT:    data read from "aufg8_15"
        format = z
        #datapoints = 6
        residuals are weighted equally (unit weight)

function used for fitting: g(x)
	g(x) = b*x
fitted parameters initialized with current variable values

iter      chisq       delta/lim  lambda   b            
   0 3.4483000000e+04   0.00e+00  1.95e+01    1.000000e+00
   4 1.6615384615e+01  -2.97e-09  1.95e-03    4.892308e+00

After 4 iterations the fit converged.
final sum of squares of residuals : 16.6154
rel. change during last iteration : -2.97211e-14

degrees of freedom    (FIT_NDF)                        : 5
rms of residuals      (FIT_STDFIT) = sqrt(WSSR/ndf)    : 1.82293
variance of residuals (reduced chisquare) = WSSR/ndf   : 3.32308

Final set of parameters            Asymptotic Standard Error
=======================            ==========================
b               = 4.89231          +/- 0.03822      (0.7812%)


*******************************************************************************
Wed Jul  3 22:23:42 2019


FIT:    data read from "aufg8_20"
        format = z
        #datapoints = 6
        residuals are weighted equally (unit weight)

function used for fitting: h(x)
	h(x) = c*x
fitted parameters initialized with current variable values

iter      chisq       delta/lim  lambda   c            
   0 1.8496000000e+04   0.00e+00  1.95e+01    1.000000e+00
   4 1.0186813187e+01  -2.91e-09  1.95e-03    3.850549e+00

After 4 iterations the fit converged.
final sum of squares of residuals : 10.1868
rel. change during last iteration : -2.91211e-14

degrees of freedom    (FIT_NDF)                        : 5
rms of residuals      (FIT_STDFIT) = sqrt(WSSR/ndf)    : 1.42736
variance of residuals (reduced chisquare) = WSSR/ndf   : 2.03736

Final set of parameters            Asymptotic Standard Error
=======================            ==========================
c               = 3.85055          +/- 0.02993      (0.7772%)


*******************************************************************************
Wed Jul  3 22:23:57 2019


FIT:    data read from "aufg8_1"
        format = z
        #datapoints = 6
        residuals are weighted equally (unit weight)

function used for fitting: f(x)
	f(x) = a*x
fitted parameters initialized with current variable values

iter      chisq       delta/lim  lambda   a            
   0 1.0046900000e+05   0.00e+00  1.95e+01    1.000000e+00
   4 4.5604395604e+01  -3.47e-09  1.95e-03    7.643956e+00

After 4 iterations the fit converged.
final sum of squares of residuals : 45.6044
rel. change during last iteration : -3.47447e-14

degrees of freedom    (FIT_NDF)                        : 5
rms of residuals      (FIT_STDFIT) = sqrt(WSSR/ndf)    : 3.02008
variance of residuals (reduced chisquare) = WSSR/ndf   : 9.12088

Final set of parameters            Asymptotic Standard Error
=======================            ==========================
a               = 7.64396          +/- 0.06332      (0.8283%)


*******************************************************************************
Wed Jul  3 22:23:57 2019


FIT:    data read from "aufg8_15"
        format = z
        #datapoints = 6
        residuals are weighted equally (unit weight)

function used for fitting: g(x)
	g(x) = b*x
fitted parameters initialized with current variable values

iter      chisq       delta/lim  lambda   b            
   0 3.4483000000e+04   0.00e+00  1.95e+01    1.000000e+00
   4 1.6615384615e+01  -2.97e-09  1.95e-03    4.892308e+00

After 4 iterations the fit converged.
final sum of squares of residuals : 16.6154
rel. change during last iteration : -2.97211e-14

degrees of freedom    (FIT_NDF)                        : 5
rms of residuals      (FIT_STDFIT) = sqrt(WSSR/ndf)    : 1.82293
variance of residuals (reduced chisquare) = WSSR/ndf   : 3.32308

Final set of parameters            Asymptotic Standard Error
=======================            ==========================
b               = 4.89231          +/- 0.03822      (0.7812%)


*******************************************************************************
Wed Jul  3 22:23:57 2019


FIT:    data read from "aufg8_20"
        format = z
        #datapoints = 6
        residuals are weighted equally (unit weight)

function used for fitting: h(x)
	h(x) = c*x
fitted parameters initialized with current variable values

iter      chisq       delta/lim  lambda   c            
   0 1.8496000000e+04   0.00e+00  1.95e+01    1.000000e+00
   4 1.0186813187e+01  -2.91e-09  1.95e-03    3.850549e+00

After 4 iterations the fit converged.
final sum of squares of residuals : 10.1868
rel. change during last iteration : -2.91211e-14

degrees of freedom    (FIT_NDF)                        : 5
rms of residuals      (FIT_STDFIT) = sqrt(WSSR/ndf)    : 1.42736
variance of residuals (reduced chisquare) = WSSR/ndf   : 2.03736

Final set of parameters            Asymptotic Standard Error
=======================            ==========================
c               = 3.85055          +/- 0.02993      (0.7772%)


*******************************************************************************
Wed Jul  3 22:24:52 2019


FIT:    data read from "aufg8_1"
        format = z
        #datapoints = 6
        residuals are weighted equally (unit weight)

function used for fitting: f(x)
	f(x) = a*x
fitted parameters initialized with current variable values

iter      chisq       delta/lim  lambda   a            
   0 1.0046900000e+05   0.00e+00  1.95e+01    1.000000e+00
   4 4.5604395604e+01  -3.47e-09  1.95e-03    7.643956e+00

After 4 iterations the fit converged.
final sum of squares of residuals : 45.6044
rel. change during last iteration : -3.47447e-14

degrees of freedom    (FIT_NDF)                        : 5
rms of residuals      (FIT_STDFIT) = sqrt(WSSR/ndf)    : 3.02008
variance of residuals (reduced chisquare) = WSSR/ndf   : 9.12088

Final set of parameters            Asymptotic Standard Error
=======================            ==========================
a               = 7.64396          +/- 0.06332      (0.8283%)


*******************************************************************************
Wed Jul  3 22:24:52 2019


FIT:    data read from "aufg8_15"
        format = z
        #datapoints = 6
        residuals are weighted equally (unit weight)

function used for fitting: g(x)
	g(x) = b*x
fitted parameters initialized with current variable values

iter      chisq       delta/lim  lambda   b            
   0 3.4483000000e+04   0.00e+00  1.95e+01    1.000000e+00
   4 1.6615384615e+01  -2.97e-09  1.95e-03    4.892308e+00

After 4 iterations the fit converged.
final sum of squares of residuals : 16.6154
rel. change during last iteration : -2.97211e-14

degrees of freedom    (FIT_NDF)                        : 5
rms of residuals      (FIT_STDFIT) = sqrt(WSSR/ndf)    : 1.82293
variance of residuals (reduced chisquare) = WSSR/ndf   : 3.32308

Final set of parameters            Asymptotic Standard Error
=======================            ==========================
b               = 4.89231          +/- 0.03822      (0.7812%)


*******************************************************************************
Wed Jul  3 22:24:52 2019


FIT:    data read from "aufg8_20"
        format = z
        #datapoints = 6
        residuals are weighted equally (unit weight)

function used for fitting: h(x)
	h(x) = c*x
fitted parameters initialized with current variable values

iter      chisq       delta/lim  lambda   c            
   0 1.8496000000e+04   0.00e+00  1.95e+01    1.000000e+00
   4 1.0186813187e+01  -2.91e-09  1.95e-03    3.850549e+00

After 4 iterations the fit converged.
final sum of squares of residuals : 10.1868
rel. change during last iteration : -2.91211e-14

degrees of freedom    (FIT_NDF)                        : 5
rms of residuals      (FIT_STDFIT) = sqrt(WSSR/ndf)    : 1.42736
variance of residuals (reduced chisquare) = WSSR/ndf   : 2.03736

Final set of parameters            Asymptotic Standard Error
=======================            ==========================
c               = 3.85055          +/- 0.02993      (0.7772%)


*******************************************************************************
Wed Jul  3 22:25:22 2019


FIT:    data read from "aufg8_1"
        format = z
        #datapoints = 6
        residuals are weighted equally (unit weight)

function used for fitting: f(x)
	f(x) = a*x
fitted parameters initialized with current variable values

iter      chisq       delta/lim  lambda   a            
   0 1.0046900000e+05   0.00e+00  1.95e+01    1.000000e+00
   4 4.5604395604e+01  -3.47e-09  1.95e-03    7.643956e+00

After 4 iterations the fit converged.
final sum of squares of residuals : 45.6044
rel. change during last iteration : -3.47447e-14

degrees of freedom    (FIT_NDF)                        : 5
rms of residuals      (FIT_STDFIT) = sqrt(WSSR/ndf)    : 3.02008
variance of residuals (reduced chisquare) = WSSR/ndf   : 9.12088

Final set of parameters            Asymptotic Standard Error
=======================            ==========================
a               = 7.64396          +/- 0.06332      (0.8283%)


*******************************************************************************
Wed Jul  3 22:25:22 2019


FIT:    data read from "aufg8_15"
        format = z
        #datapoints = 6
        residuals are weighted equally (unit weight)

function used for fitting: g(x)
	g(x) = b*x
fitted parameters initialized with current variable values

iter      chisq       delta/lim  lambda   b            
   0 3.4483000000e+04   0.00e+00  1.95e+01    1.000000e+00
   4 1.6615384615e+01  -2.97e-09  1.95e-03    4.892308e+00

After 4 iterations the fit converged.
final sum of squares of residuals : 16.6154
rel. change during last iteration : -2.97211e-14

degrees of freedom    (FIT_NDF)                        : 5
rms of residuals      (FIT_STDFIT) = sqrt(WSSR/ndf)    : 1.82293
variance of residuals (reduced chisquare) = WSSR/ndf   : 3.32308

Final set of parameters            Asymptotic Standard Error
=======================            ==========================
b               = 4.89231          +/- 0.03822      (0.7812%)


*******************************************************************************
Wed Jul  3 22:25:22 2019


FIT:    data read from "aufg8_20"
        format = z
        #datapoints = 6
        residuals are weighted equally (unit weight)

function used for fitting: h(x)
	h(x) = c*x
fitted parameters initialized with current variable values

iter      chisq       delta/lim  lambda   c            
   0 1.8496000000e+04   0.00e+00  1.95e+01    1.000000e+00
   4 1.0186813187e+01  -2.91e-09  1.95e-03    3.850549e+00

After 4 iterations the fit converged.
final sum of squares of residuals : 10.1868
rel. change during last iteration : -2.91211e-14

degrees of freedom    (FIT_NDF)                        : 5
rms of residuals      (FIT_STDFIT) = sqrt(WSSR/ndf)    : 1.42736
variance of residuals (reduced chisquare) = WSSR/ndf   : 2.03736

Final set of parameters            Asymptotic Standard Error
=======================            ==========================
c               = 3.85055          +/- 0.02993      (0.7772%)


*******************************************************************************
Wed Jul  3 22:29:11 2019


FIT:    data read from "aufg8_1" u 1:2
        format = x:z
        #datapoints = 6
        residuals are weighted equally (unit weight)

function used for fitting: f(x)
	f(x) = a*x
fitted parameters initialized with current variable values

iter      chisq       delta/lim  lambda   a            
   0 1.0046900000e+05   0.00e+00  1.95e+01    1.000000e+00
   4 4.5604395604e+01  -3.47e-09  1.95e-03    7.643956e+00

After 4 iterations the fit converged.
final sum of squares of residuals : 45.6044
rel. change during last iteration : -3.47447e-14

degrees of freedom    (FIT_NDF)                        : 5
rms of residuals      (FIT_STDFIT) = sqrt(WSSR/ndf)    : 3.02008
variance of residuals (reduced chisquare) = WSSR/ndf   : 9.12088

Final set of parameters            Asymptotic Standard Error
=======================            ==========================
a               = 7.64396          +/- 0.06332      (0.8283%)


*******************************************************************************
Wed Jul  3 22:29:11 2019


FIT:    data read from "aufg8_15" u 1:2
        format = x:z
        #datapoints = 6
        residuals are weighted equally (unit weight)

function used for fitting: g(x)
	g(x) = b*x
fitted parameters initialized with current variable values

iter      chisq       delta/lim  lambda   b            
   0 3.4483000000e+04   0.00e+00  1.95e+01    1.000000e+00
   4 1.6615384615e+01  -2.97e-09  1.95e-03    4.892308e+00

After 4 iterations the fit converged.
final sum of squares of residuals : 16.6154
rel. change during last iteration : -2.97211e-14

degrees of freedom    (FIT_NDF)                        : 5
rms of residuals      (FIT_STDFIT) = sqrt(WSSR/ndf)    : 1.82293
variance of residuals (reduced chisquare) = WSSR/ndf   : 3.32308

Final set of parameters            Asymptotic Standard Error
=======================            ==========================
b               = 4.89231          +/- 0.03822      (0.7812%)


*******************************************************************************
Wed Jul  3 22:29:11 2019


FIT:    data read from "aufg8_20" u 1:2
        format = x:z
        #datapoints = 6
        residuals are weighted equally (unit weight)

function used for fitting: h(x)
	h(x) = c*x
fitted parameters initialized with current variable values

iter      chisq       delta/lim  lambda   c            
   0 1.8496000000e+04   0.00e+00  1.95e+01    1.000000e+00
   4 1.0186813187e+01  -2.91e-09  1.95e-03    3.850549e+00

After 4 iterations the fit converged.
final sum of squares of residuals : 10.1868
rel. change during last iteration : -2.91211e-14

degrees of freedom    (FIT_NDF)                        : 5
rms of residuals      (FIT_STDFIT) = sqrt(WSSR/ndf)    : 1.42736
variance of residuals (reduced chisquare) = WSSR/ndf   : 2.03736

Final set of parameters            Asymptotic Standard Error
=======================            ==========================
c               = 3.85055          +/- 0.02993      (0.7772%)


*******************************************************************************
Wed Jul  3 22:29:36 2019


FIT:    data read from "aufg8_1" u 2:1
        format = x:z
        #datapoints = 6
        residuals are weighted equally (unit weight)

function used for fitting: f(x)
	f(x) = a*x
fitted parameters initialized with current variable values

iter      chisq       delta/lim  lambda   a            
   0 1.0046900000e+05   0.00e+00  1.49e+02    1.000000e+00
   4 7.8022771369e-01  -2.02e-07  1.49e-02    1.307774e-01

After 4 iterations the fit converged.
final sum of squares of residuals : 0.780228
rel. change during last iteration : -2.02115e-12

degrees of freedom    (FIT_NDF)                        : 5
rms of residuals      (FIT_STDFIT) = sqrt(WSSR/ndf)    : 0.395026
variance of residuals (reduced chisquare) = WSSR/ndf   : 0.156046

Final set of parameters            Asymptotic Standard Error
=======================            ==========================
a               = 0.130777         +/- 0.001083     (0.8283%)


*******************************************************************************
Wed Jul  3 22:29:36 2019


FIT:    data read from "aufg8_15" u 2:1
        format = x:z
        #datapoints = 6
        residuals are weighted equally (unit weight)

function used for fitting: g(x)
	g(x) = b*x
fitted parameters initialized with current variable values

iter      chisq       delta/lim  lambda   b            
   0 3.4483000000e+04   0.00e+00  9.53e+01    1.000000e+00
   4 6.9398545935e-01  -7.80e-08  9.53e-03    2.043402e-01

After 4 iterations the fit converged.
final sum of squares of residuals : 0.693985
rel. change during last iteration : -7.80052e-13

degrees of freedom    (FIT_NDF)                        : 5
rms of residuals      (FIT_STDFIT) = sqrt(WSSR/ndf)    : 0.372555
variance of residuals (reduced chisquare) = WSSR/ndf   : 0.138797

Final set of parameters            Asymptotic Standard Error
=======================            ==========================
b               = 0.20434          +/- 0.001596     (0.7812%)


*******************************************************************************
Wed Jul  3 22:29:36 2019


FIT:    data read from "aufg8_20" u 2:1
        format = x:z
        #datapoints = 6
        residuals are weighted equally (unit weight)

function used for fitting: h(x)
	h(x) = c*x
fitted parameters initialized with current variable values

iter      chisq       delta/lim  lambda   c            
   0 1.8496000000e+04   0.00e+00  7.50e+01    1.000000e+00
   4 6.8684982662e-01  -4.21e-08  7.50e-03    2.596248e-01

After 4 iterations the fit converged.
final sum of squares of residuals : 0.68685
rel. change during last iteration : -4.21233e-13

degrees of freedom    (FIT_NDF)                        : 5
rms of residuals      (FIT_STDFIT) = sqrt(WSSR/ndf)    : 0.370635
variance of residuals (reduced chisquare) = WSSR/ndf   : 0.13737

Final set of parameters            Asymptotic Standard Error
=======================            ==========================
c               = 0.259625         +/- 0.002018     (0.7772%)
